<?xml version="1.0" encoding="UTF-8"?>
<!-- Generated by org.testng.reporters.JUnitXMLReporter -->
<testsuite ignored="0" hostname="user1" failures="0" tests="4" name="Test1" time="10.506" errors="0" timestamp="2025-04-03T14:50:27 IST">
  <testcase classname="ParallerScript.sampleOneTest" name="sample1" time="2.594"/>
  <testcase classname="ParallerScript.sampleOneTest" name="sample2" time="1.881"/>
  <testcase classname="ParallerScript.sampleOneTest" name="sample3" time="3.358"/>
  <testcase classname="ParallerScript.sampleOneTest" name="sample4" time="2.57"/>
</testsuite> <!-- Test1 -->
