<?xml version="1.0" encoding="UTF-8"?>
<!-- Generated by org.testng.reporters.JUnitXMLReporter -->
<testsuite ignored="0" hostname="user1" failures="0" tests="6" name="Test" time="12.516" errors="0" timestamp="2025-04-03T15:01:41 IST">
  <testcase classname="ParallerScript.sampleOneTest" name="sample2" time="5.057"/>
  <testcase classname="ParallerScript.sampleOneTest" name="sample1" time="5.028"/>
  <testcase classname="ParallerScript.sampleOneTest" name="sample1" time="5.065"/>
  <testcase classname="ParallerScript.sampleOneTest" name="sample1" time="5.26"/>
  <testcase classname="ParallerScript.sampleOneTest" name="sample3" time="5.727"/>
  <testcase classname="ParallerScript.sampleOneTest" name="sample4" time="2.337"/>
</testsuite> <!-- Test -->
