<?xml version="1.0" encoding="UTF-8"?>
<!-- Generated by org.testng.reporters.JUnitXMLReporter -->
<testsuite ignored="0" hostname="user1" failures="0" tests="4" name="Test2" time="14.431" errors="0" timestamp="2025-04-03T14:50:31 IST">
  <testcase classname="ParallerScript.sampleTwoTest" name="sample1" time="2.55"/>
  <testcase classname="ParallerScript.sampleTwoTest" name="sample2" time="4.097"/>
  <testcase classname="ParallerScript.sampleTwoTest" name="sample3" time="2.656"/>
  <testcase classname="ParallerScript.sampleTwoTest" name="sample4" time="5.025"/>
</testsuite> <!-- Test2 -->
