<?xml version="1.0" encoding="UTF-8"?>
<testng-results ignored="0" total="1" passed="1" failed="0" skipped="0">
  <reporter-output>
  </reporter-output>
  <suite started-at="2025-03-26T14:08:06 IST" name="Default suite" finished-at="2025-03-26T14:08:10 IST" duration-ms="3529">
    <groups>
    </groups>
    <test started-at="2025-03-26T14:08:06 IST" name="Default test" finished-at="2025-03-26T14:08:10 IST" duration-ms="3529">
      <class name="testScripts.RelativeLocators">
        <test-method signature="f()[pri:0, instance:testScripts.RelativeLocators@791f145a]" started-at="2025-03-26T14:08:06 IST" name="f" finished-at="2025-03-26T14:08:10 IST" duration-ms="3478" status="PASS">
          <reporter-output>
          </reporter-output>
        </test-method> <!-- f -->
      </class> <!-- testScripts.RelativeLocators -->
    </test> <!-- Default test -->
  </suite> <!-- Default suite -->
</testng-results>
